<?xml version="1.0" encoding="UTF-8"?>
<!-- Generated by org.testng.reporters.JUnitReportReporter -->
<testsuite skipped="0" hostname="DESKTOP-RVPORKM" name="com.QATest.RecruitCRM.GogleMapsTest" tests="6" failures="0" timestamp="20 Sep 2020 13:29:06 GMT" time="14.495" errors="0">
  <testcase name="SearchinGoogleMaps" time="1.572" classname="com.QATest.RecruitCRM.GogleMapsTest"/>
  <testcase name="PrintTheNoOfRating" time="0.231" classname="com.QATest.RecruitCRM.GogleMapsTest"/>
  <testcase name="TaketheScreenShotofSearchResult" time="6.237" classname="com.QATest.RecruitCRM.GogleMapsTest"/>
  <testcase name="GogleMapsTesting" time="5.737" classname="com.QATest.RecruitCRM.GogleMapsTest"/>
  <testcase name="VerifyTheTextStadium" time="0.645" classname="com.QATest.RecruitCRM.GogleMapsTest"/>
  <testcase name="VerifyTheTitle" time="0.073" classname="com.QATest.RecruitCRM.GogleMapsTest"/>
</testsuite> <!-- com.QATest.RecruitCRM.GogleMapsTest -->
