<?xml version="1.0" encoding="UTF-8"?>
<!-- Generated by org.testng.reporters.JUnitReportReporter -->
<testsuite skipped="0" hostname="DESKTOP-RVPORKM" name="com.QATest.RecruitCRM.AutomationpracticeTest" tests="5" failures="0" timestamp="20 Sep 2020 13:29:06 GMT" time="27.970" errors="0">
  <testcase name="LogintotheURL" time="4.913" classname="com.QATest.RecruitCRM.AutomationpracticeTest"/>
  <testcase name="Scenario2" time="4.312" classname="com.QATest.RecruitCRM.AutomationpracticeTest"/>
  <testcase name="LaunchTheLoginPage" time="5.788" classname="com.QATest.RecruitCRM.AutomationpracticeTest"/>
  <testcase name="Scenario1" time="10.965" classname="com.QATest.RecruitCRM.AutomationpracticeTest"/>
  <testcase name="Scenario3" time="1.992" classname="com.QATest.RecruitCRM.AutomationpracticeTest"/>
</testsuite> <!-- com.QATest.RecruitCRM.AutomationpracticeTest -->
