<?xml version="1.0" encoding="UTF-8"?>
<!-- Generated by org.testng.reporters.JUnitReportReporter -->
<testsuite skipped="1" hostname="DESKTOP-RVPORKM" name="com.QATest.RecruitCRM.Testshopsocially" tests="3" failures="0" timestamp="18 Sep 2020 08:20:17 GMT" time="23.985" errors="0">
  <testcase name="Scenario2" time="18.264" classname="com.QATest.RecruitCRM.Testshopsocially"/>
  <testcase name="Scenario1" time="5.721" classname="com.QATest.RecruitCRM.Testshopsocially"/>
  <testcase name="Scenario3" classname="com.QATest.RecruitCRM.Testshopsocially">
    <skipped/>
  </testcase> <!-- Scenario3 -->
</testsuite> <!-- com.QATest.RecruitCRM.Testshopsocially -->
