<?xml version="1.0" encoding="UTF-8"?>
<!-- Generated by org.testng.reporters.JUnitReportReporter -->
<testsuite skipped="0" hostname="DESKTOP-RVPORKM" name="com.QATest.RecruitCRM.qaagilityTest" tests="4" failures="0" timestamp="20 Sep 2020 13:29:06 GMT" time="7.109" errors="0">
  <testcase name="VerifyTitle" time="0.028" classname="com.QATest.RecruitCRM.qaagilityTest"/>
  <testcase name="qaagilityTesting" time="6.625" classname="com.QATest.RecruitCRM.qaagilityTest"/>
  <testcase name="VerifyTwitterAndFooterText" time="0.260" classname="com.QATest.RecruitCRM.qaagilityTest"/>
  <testcase name="GetTheSizeofLogo" time="0.196" classname="com.QATest.RecruitCRM.qaagilityTest"/>
</testsuite> <!-- com.QATest.RecruitCRM.qaagilityTest -->
